<?xml version="1.0" encoding="UTF-8"?>
<testsuite name="RPSTest" tests="9" skipped="0" failures="0" errors="0" timestamp="2016-04-20T18:39:51" hostname="epicodus-93.local" time="0.002">
  <properties/>
  <testcase name="checkWinner_paperVSRock_true" classname="RPSTest" time="0.001"/>
  <testcase name="checkWinner_rockVSRock_true" classname="RPSTest" time="0.0"/>
  <testcase name="checkWinner_rockVSpaper_true" classname="RPSTest" time="0.0"/>
  <testcase name="checkWinner_scissorsVSScissors_true" classname="RPSTest" time="0.0"/>
  <testcase name="checkWinner_scissorsVSRock_true" classname="RPSTest" time="0.0"/>
  <testcase name="checkWinner_scissorsVSPaper_true" classname="RPSTest" time="0.0"/>
  <testcase name="checkWinner_rockVSScissors_true" classname="RPSTest" time="0.0"/>
  <testcase name="checkWinner_paperVSScissors_true" classname="RPSTest" time="0.0"/>
  <testcase name="checkWinner_paperVSPaper_true" classname="RPSTest" time="0.0"/>
  <system-out><![CDATA[]]></system-out>
  <system-err><![CDATA[]]></system-err>
</testsuite>
